{"type":"server-started","port":55875,"host":"127.0.0.1","url_host":"localhost","url":"http://localhost:55875","screen_dir":"/Users/helenchirinos/Desktop/EL_PORTAL_YELM/el-portal-site/.superpowers/brainstorm/7540-1777305267/content","state_dir":"/Users/helenchirinos/Desktop/EL_PORTAL_YELM/el-portal-site/.superpowers/brainstorm/7540-1777305267/state"}
{"type":"screen-added","file":"/Users/helenchirinos/Desktop/EL_PORTAL_YELM/el-portal-site/.superpowers/brainstorm/7540-1777305267/content/form-approach.html"}
{"type":"screen-updated","file":"/Users/helenchirinos/Desktop/EL_PORTAL_YELM/el-portal-site/.superpowers/brainstorm/7540-1777305267/content/form-approach.html"}
{"type":"screen-updated","file":"/Users/helenchirinos/Desktop/EL_PORTAL_YELM/el-portal-site/.superpowers/brainstorm/7540-1777305267/content/form-approach.html"}
{"type":"screen-updated","file":"/Users/helenchirinos/Desktop/EL_PORTAL_YELM/el-portal-site/.superpowers/brainstorm/7540-1777305267/content/form-approach.html"}
{"source":"user-event","type":"click","text":"Step 2 of 6\n        \n          \n        \n        WHAT'S YOUREMAIL?\n        We'll send confirmation here\n        \n      \n      \n        ← Back\n        NEXT →\n      \n    \n    \n      A — Branded Dark Wizard\n      Full-screen steps matching El Portal's dark + yellow palette. Bold Bebas-style headings, progress bar at top, Back/Next navigation. Feels immersive and on-brand.","choice":"a","id":null,"timestamp":1777305338578}
{"source":"user-event","type":"click","text":"Step 2 of 6\n        \n          \n        \n        WHAT'S YOUREMAIL?\n        We'll send confirmation here\n        \n      \n      \n        ← Back\n        NEXT →\n      \n    \n    \n      A — Branded Dark Wizard\n      Full-screen steps matching El Portal's dark + yellow palette. Bold Bebas-style headings, progress bar at top, Back/Next navigation. Feels immersive and on-brand.","choice":"a","id":null,"timestamp":1777305367150}
{"source":"user-event","type":"click","text":"Step 2 of 6\n        \n          \n        \n        WHAT'S YOUREMAIL?\n        We'll send confirmation here\n        \n      \n      \n        ← Back\n        NEXT →\n      \n    \n    \n      A — Branded Dark Wizard\n      Full-screen steps matching El Portal's dark + yellow palette. Bold Bebas-style headings, progress bar at top, Back/Next navigation. Feels immersive and on-brand.","choice":"a","id":null,"timestamp":1777305367359}
{"source":"user-event","type":"click","text":"Step 2 of 6\n        \n          \n        \n        WHAT'S YOUREMAIL?\n        We'll send confirmation here\n        \n      \n      \n        ← Back\n        NEXT →\n      \n    \n    \n      A — Branded Dark Wizard\n      Full-screen steps matching El Portal's dark + yellow palette. Bold Bebas-style headings, progress bar at top, Back/Next navigation. Feels immersive and on-brand.","choice":"a","id":null,"timestamp":1777305368304}
{"source":"user-event","type":"click","text":"Step 2 of 6\n        \n          \n        \n        WHAT'S YOUREMAIL?\n        We'll send confirmation here\n        \n      \n      \n        ← Back\n        NEXT →\n      \n    \n    \n      A — Branded Dark Wizard\n      Full-screen steps matching El Portal's dark + yellow palette. Bold Bebas-style headings, progress bar at top, Back/Next navigation. Feels immersive and on-brand.","choice":"a","id":null,"timestamp":1777305368470}
{"source":"user-event","type":"click","text":"Step 2 of 6\n        \n          \n        \n        WHAT'S YOUREMAIL?\n        We'll send confirmation here\n        \n      \n      \n        ← Back\n        NEXT →\n      \n    \n    \n      A — Branded Dark Wizard\n      Full-screen steps matching El Portal's dark + yellow palette. Bold Bebas-style headings, progress bar at top, Back/Next navigation. Feels immersive and on-brand.","choice":"a","id":null,"timestamp":1777305429909}
{"source":"user-event","type":"click","text":"Step 2 of 6\n        \n          \n        \n        WHAT'S YOUREMAIL?\n        We'll send confirmation here\n        \n      \n      \n        ← Back\n        NEXT →\n      \n    \n    \n      A — Branded Dark Wizard\n      Full-screen steps matching El Portal's dark + yellow palette. Bold Bebas-style headings, progress bar at top, Back/Next navigation. Feels immersive and on-brand.","choice":"a","id":null,"timestamp":1777305430118}
{"type":"screen-added","file":"/Users/helenchirinos/Desktop/EL_PORTAL_YELM/el-portal-site/.superpowers/brainstorm/7540-1777305267/content/step-flow.html"}
{"type":"screen-updated","file":"/Users/helenchirinos/Desktop/EL_PORTAL_YELM/el-portal-site/.superpowers/brainstorm/7540-1777305267/content/step-flow.html"}
{"type":"screen-updated","file":"/Users/helenchirinos/Desktop/EL_PORTAL_YELM/el-portal-site/.superpowers/brainstorm/7540-1777305267/content/step-flow.html"}
{"type":"screen-updated","file":"/Users/helenchirinos/Desktop/EL_PORTAL_YELM/el-portal-site/.superpowers/brainstorm/7540-1777305267/content/step-flow.html"}
{"source":"user-event","type":"click","text":"4\n    \n      Event Date\n      Date picker · Optional · Min = tomorrow","choice":"step4","id":null,"timestamp":1777305632793}
{"source":"user-event","type":"click","text":"4\n    \n      Event Date\n      Date picker · Optional · Min = tomorrow","choice":"step4","id":null,"timestamp":1777305634158}
{"source":"user-event","type":"click","text":"4\n    \n      Event Date\n      Date picker · Optional · Min = tomorrow","choice":"step4","id":null,"timestamp":1777305634337}
{"type":"screen-added","file":"/Users/helenchirinos/Desktop/EL_PORTAL_YELM/el-portal-site/.superpowers/brainstorm/7540-1777305267/content/mobile-header.html"}
{"type":"screen-updated","file":"/Users/helenchirinos/Desktop/EL_PORTAL_YELM/el-portal-site/.superpowers/brainstorm/7540-1777305267/content/mobile-header.html"}
{"type":"screen-updated","file":"/Users/helenchirinos/Desktop/EL_PORTAL_YELM/el-portal-site/.superpowers/brainstorm/7540-1777305267/content/mobile-header.html"}
{"type":"screen-updated","file":"/Users/helenchirinos/Desktop/EL_PORTAL_YELM/el-portal-site/.superpowers/brainstorm/7540-1777305267/content/mobile-header.html"}
{"type":"screen-added","file":"/Users/helenchirinos/Desktop/EL_PORTAL_YELM/el-portal-site/.superpowers/brainstorm/7540-1777305267/content/full-flow-mockup.html"}
{"type":"screen-updated","file":"/Users/helenchirinos/Desktop/EL_PORTAL_YELM/el-portal-site/.superpowers/brainstorm/7540-1777305267/content/full-flow-mockup.html"}
{"type":"screen-updated","file":"/Users/helenchirinos/Desktop/EL_PORTAL_YELM/el-portal-site/.superpowers/brainstorm/7540-1777305267/content/full-flow-mockup.html"}
{"type":"screen-updated","file":"/Users/helenchirinos/Desktop/EL_PORTAL_YELM/el-portal-site/.superpowers/brainstorm/7540-1777305267/content/full-flow-mockup.html"}
{"type":"screen-added","file":"/Users/helenchirinos/Desktop/EL_PORTAL_YELM/el-portal-site/.superpowers/brainstorm/7540-1777305267/content/waiting.html"}
{"type":"screen-updated","file":"/Users/helenchirinos/Desktop/EL_PORTAL_YELM/el-portal-site/.superpowers/brainstorm/7540-1777305267/content/waiting.html"}
{"type":"server-stopped","reason":"idle timeout"}
